/usr/bin/bash: Files\Git\bin\bash.exe: No such file or directory

> @metalgest/server@0.0.0 build
> next build

  ▲ Next.js 14.2.30
  - Environments: .env

   Creating an optimized production build ...
 ✓ Compiled successfully
   Linting and checking validity of types ...
   Collecting page data ...
   Generating static pages (0/3) ...
Health check failed: PrismaClientInitializationError: 
Invalid `prisma.$queryRaw()` invocation:


Can't reach database server at `localhost:5432`

Please make sure your database server is running at `localhost:5432`.
    at $n.handleRequestError (C:\Projetos Cursor\metalgest\node_modules\@prisma\client\runtime\library.js:121:7615)
    at $n.handleAndLogRequestError (C:\Projetos Cursor\metalgest\node_modules\@prisma\client\runtime\library.js:121:6623)
    at $n.request (C:\Projetos Cursor\metalgest\node_modules\@prisma\client\runtime\library.js:121:6307)
    at async l (C:\Projetos Cursor\metalgest\node_modules\@prisma\client\runtime\library.js:130:9633)
    at async u (C:\Projetos Cursor\metalgest\apps\server\.next\server\app\api\health\route.js:1:548)
    at async C:\Projetos Cursor\metalgest\node_modules\next\dist\compiled\next-server\app-route.runtime.prod.js:6:38411
    at async e_.execute (C:\Projetos Cursor\metalgest\node_modules\next\dist\compiled\next-server\app-route.runtime.prod.js:6:27880)
    at async e_.handle (C:\Projetos Cursor\metalgest\node_modules\next\dist\compiled\next-server\app-route.runtime.prod.js:6:39943)
    at async exportAppRoute (C:\Projetos Cursor\metalgest\node_modules\next\dist\export\routes\app-route.js:77:26)
    at async exportPageImpl (C:\Projetos Cursor\metalgest\node_modules\next\dist\export\worker.js:175:20) {
  clientVersion: '5.22.0',
  errorCode: undefined
}
 ✓ Generating static pages (3/3)
   Finalizing page optimization ...
   Collecting build traces ...

Route (app)                               Size     First Load JS
┌ ƒ /api/auth/[...nextauth]               0 B                0 B
├ ƒ /api/health                           0 B                0 B
└ ƒ /api/trpc/[trpc]                      0 B                0 B
+ First Load JS shared by all             0 B

Route (pages)                             Size     First Load JS
─ ○ /404                                  181 B          80.7 kB
+ First Load JS shared by all             80.6 kB
  ├ chunks/framework-3664cab31236a9fa.js  44.8 kB
  ├ chunks/main-9ee63cb379b07f7f.js       34.1 kB
  └ other shared chunks (total)           1.63 kB

○  (Static)   prerendered as static content
ƒ  (Dynamic)  server-rendered on demand

