/usr/bin/bash: Files\Git\bin\bash.exe: No such file or directory

> @metalgest/web@0.0.0 build
> vite build

[36mvite v4.5.13 [32mbuilding for production...[36m[39m
transforming...
[32m✓[39m 3842 modules transformed.
rendering chunks...
computing gzip size...
[2mdist/[22m[32mindex.html                                   [39m[1m[2m  0.56 kB[22m[1m[22m[2m │ gzip:   0.36 kB[22m
[2mdist/[22m[35massets/Settings-8e59e50e.css                 [39m[1m[2m 22.04 kB[22m[1m[22m[2m │ gzip:   3.51 kB[22m
[2mdist/[22m[35massets/index-edec75f6.css                    [39m[1m[2m 40.82 kB[22m[1m[22m[2m │ gzip:   7.37 kB[22m
[2mdist/[22m[36massets/x-circle-70f6c6e6.js                  [39m[1m[2m  0.20 kB[22m[1m[22m[2m │ gzip:   0.17 kB[22m
[2mdist/[22m[36massets/trending-up-85bad1b6.js               [39m[1m[2m  0.20 kB[22m[1m[22m[2m │ gzip:   0.17 kB[22m
[2mdist/[22m[36massets/check-circle-263b8222.js              [39m[1m[2m  0.21 kB[22m[1m[22m[2m │ gzip:   0.19 kB[22m
[2mdist/[22m[36massets/tag-d60cab13.js                       [39m[1m[2m  0.22 kB[22m[1m[22m[2m │ gzip:   0.19 kB[22m
[2mdist/[22m[36massets/user-plus-8275f615.js                 [39m[1m[2m  0.31 kB[22m[1m[22m[2m │ gzip:   0.23 kB[22m
[2mdist/[22m[36massets/trash-2-139a187c.js                   [39m[1m[2m  0.45 kB[22m[1m[22m[2m │ gzip:   0.28 kB[22m
[2mdist/[22m[36massets/BarChart-53017f19.js                  [39m[1m[2m  0.56 kB[22m[1m[22m[2m │ gzip:   0.35 kB[22m
[2mdist/[22m[36massets/useApi-25c4a2da.js                    [39m[1m[2m  0.72 kB[22m[1m[22m[2m │ gzip:   0.48 kB[22m
[2mdist/[22m[36massets/card-2f14c19d.js                      [39m[1m[2m  0.99 kB[22m[1m[22m[2m │ gzip:   0.38 kB[22m
[2mdist/[22m[36massets/PasswordInput-44299a4c.js             [39m[1m[2m  1.38 kB[22m[1m[22m[2m │ gzip:   0.76 kB[22m
[2mdist/[22m[36massets/Home-5d98b33e.js                      [39m[1m[2m  2.91 kB[22m[1m[22m[2m │ gzip:   1.25 kB[22m
[2mdist/[22m[36massets/Dashboard-4f1babb8.js                 [39m[1m[2m  3.48 kB[22m[1m[22m[2m │ gzip:   1.29 kB[22m
[2mdist/[22m[36massets/PublicQuote-2a64e0e1.js               [39m[1m[2m  5.80 kB[22m[1m[22m[2m │ gzip:   2.04 kB[22m
[2mdist/[22m[36massets/Register-2861981c.js                  [39m[1m[2m  5.86 kB[22m[1m[22m[2m │ gzip:   2.21 kB[22m
[2mdist/[22m[36massets/Login-80a8f73c.js                     [39m[1m[2m  6.31 kB[22m[1m[22m[2m │ gzip:   2.58 kB[22m
[2mdist/[22m[36massets/Quotes-c425f04c.js                    [39m[1m[2m  6.96 kB[22m[1m[22m[2m │ gzip:   2.19 kB[22m
[2mdist/[22m[36massets/Services-cecc465f.js                  [39m[1m[2m  7.50 kB[22m[1m[22m[2m │ gzip:   2.29 kB[22m
[2mdist/[22m[36massets/Production-4d30fc9d.js                [39m[1m[2m  7.52 kB[22m[1m[22m[2m │ gzip:   2.28 kB[22m
[2mdist/[22m[36massets/Users-9f3086e3.js                     [39m[1m[2m  8.97 kB[22m[1m[22m[2m │ gzip:   2.88 kB[22m
[2mdist/[22m[36massets/Financial-53e35a8c.js                 [39m[1m[2m 10.60 kB[22m[1m[22m[2m │ gzip:   3.02 kB[22m
[2mdist/[22m[36massets/LineChart-3f9661e6.js                 [39m[1m[2m 11.36 kB[22m[1m[22m[2m │ gzip:   4.42 kB[22m
[2mdist/[22m[36massets/Products-487ff2ca.js                  [39m[1m[2m 11.38 kB[22m[1m[22m[2m │ gzip:   3.12 kB[22m
[2mdist/[22m[36massets/isEqual-ca34b85f.js                   [39m[1m[2m 13.32 kB[22m[1m[22m[2m │ gzip:   5.37 kB[22m
[2mdist/[22m[36massets/api-212ec7ce.js                       [39m[1m[2m 16.61 kB[22m[1m[22m[2m │ gzip:   2.05 kB[22m
[2mdist/[22m[36massets/purify.es-2de9db7f.js                 [39m[1m[2m 21.98 kB[22m[1m[22m[2m │ gzip:   8.74 kB[22m
[2mdist/[22m[36massets/Clients-2eb44436.js                   [39m[1m[2m 23.61 kB[22m[1m[22m[2m │ gzip:   6.82 kB[22m
[2mdist/[22m[36massets/index-0bd7da91.js                     [39m[1m[2m 24.05 kB[22m[1m[22m[2m │ gzip:   6.52 kB[22m
[2mdist/[22m[36massets/index.esm-853230a7.js                 [39m[1m[2m 24.86 kB[22m[1m[22m[2m │ gzip:   9.32 kB[22m
[2mdist/[22m[36massets/confirm-dialog-42edc79a.js            [39m[1m[2m 25.97 kB[22m[1m[22m[2m │ gzip:   9.24 kB[22m
[2mdist/[22m[36massets/tabs-1121ec05.js                      [39m[1m[2m 66.76 kB[22m[1m[22m[2m │ gzip:  16.78 kB[22m
[2mdist/[22m[36massets/index.es-cd622d38.js                  [39m[1m[2m150.07 kB[22m[1m[22m[2m │ gzip:  51.29 kB[22m
[2mdist/[22m[36massets/html2canvas.esm-e0a7d97b.js           [39m[1m[2m201.43 kB[22m[1m[22m[2m │ gzip:  48.04 kB[22m
[2mdist/[22m[36massets/Settings-75b97a5b.js                  [39m[1m[2m243.32 kB[22m[1m[22m[2m │ gzip:  62.57 kB[22m
[2mdist/[22m[36massets/DRE-7a02567f.js                       [39m[1m[2m297.43 kB[22m[1m[22m[2m │ gzip:  98.69 kB[22m
[2mdist/[22m[36massets/generateCategoricalChart-fe6d85a2.js  [39m[1m[2m359.82 kB[22m[1m[22m[2m │ gzip:  97.73 kB[22m
[2mdist/[22m[36massets/jspdf.plugin.autotable-b3078b9d.js    [39m[1m[2m397.26 kB[22m[1m[22m[2m │ gzip: 130.44 kB[22m
[2mdist/[22m[36massets/index-15ba3699.js                     [39m[1m[2m456.92 kB[22m[1m[22m[2m │ gzip: 144.12 kB[22m
[32m✓ built in 13.05s[39m
